2018-07-27 00:06:28.652  INFO 5588 --- [main] org.xxpay.XxPayWebApplication            : No active profile set, falling back to default profiles: default
2018-07-27 00:06:28.740  INFO 5588 --- [main] ationConfigEmbeddedWebApplicationContext : Refreshing org.springframework.boot.context.embedded.AnnotationConfigEmbeddedWebApplicationContext@76563d26: startup date [Fri Jul 27 00:06:28 CST 2018]; parent: org.springframework.context.annotation.AnnotationConfigApplicationContext@4e08711f
2018-07-27 00:06:31.367  INFO 5588 --- [main] o.s.cloud.context.scope.GenericScope     : BeanFactory id=d40609a4-f610-36f2-aad4-0c2f9eb9f6b8
2018-07-27 00:06:31.386  INFO 5588 --- [main] f.a.AutowiredAnnotationBeanPostProcessor : JSR-330 'javax.inject.Inject' annotation found and supported for autowiring
2018-07-27 00:06:31.580  INFO 5588 --- [main] trationDelegate$BeanPostProcessorChecker : Bean 'org.springframework.cloud.autoconfigure.ConfigurationPropertiesRebinderAutoConfiguration' of type [org.springframework.cloud.autoconfigure.ConfigurationPropertiesRebinderAutoConfiguration$$EnhancerBySpringCGLIB$$745d584a] is not eligible for getting processed by all BeanPostProcessors (for example: not eligible for auto-proxying)
2018-07-27 00:06:32.672  INFO 5588 --- [main] s.b.c.e.t.TomcatEmbeddedServletContainer : Tomcat initialized with port(s): 3010 (http)
2018-07-27 00:06:32.735  INFO 5588 --- [main] o.apache.catalina.core.StandardService   : Starting service [Tomcat]
2018-07-27 00:06:32.737  INFO 5588 --- [main] org.apache.catalina.core.StandardEngine  : Starting Servlet Engine: Apache Tomcat/8.5.23
2018-07-27 00:06:33.275  INFO 5588 --- [localhost-startStop-1] o.a.c.c.C.[Tomcat].[localhost].[/]       : Initializing Spring embedded WebApplicationContext
2018-07-27 00:06:33.276  INFO 5588 --- [localhost-startStop-1] o.s.web.context.ContextLoader            : Root WebApplicationContext: initialization completed in 4536 ms
2018-07-27 00:06:33.587  INFO 5588 --- [localhost-startStop-1] o.s.b.w.servlet.ServletRegistrationBean  : Mapping servlet: 'dispatcherServlet' to [/]
2018-07-27 00:06:33.593  INFO 5588 --- [localhost-startStop-1] o.s.b.w.servlet.FilterRegistrationBean   : Mapping filter: 'characterEncodingFilter' to: [/*]
2018-07-27 00:06:33.594  INFO 5588 --- [localhost-startStop-1] o.s.b.w.servlet.FilterRegistrationBean   : Mapping filter: 'hiddenHttpMethodFilter' to: [/*]
2018-07-27 00:06:33.594  INFO 5588 --- [localhost-startStop-1] o.s.b.w.servlet.FilterRegistrationBean   : Mapping filter: 'httpPutFormContentFilter' to: [/*]
2018-07-27 00:06:33.594  INFO 5588 --- [localhost-startStop-1] o.s.b.w.servlet.FilterRegistrationBean   : Mapping filter: 'requestContextFilter' to: [/*]
2018-07-27 00:06:34.885  WARN 5588 --- [main] c.n.c.sources.URLConfigurationSource     : No URLs will be polled as dynamic configuration sources.
2018-07-27 00:06:34.886  INFO 5588 --- [main] c.n.c.sources.URLConfigurationSource     : To enable URLs as dynamic configuration sources, define System property archaius.configurationSource.additionalUrls or make config.properties available on classpath.
2018-07-27 00:06:35.019  WARN 5588 --- [main] c.n.c.sources.URLConfigurationSource     : No URLs will be polled as dynamic configuration sources.
2018-07-27 00:06:35.019  INFO 5588 --- [main] c.n.c.sources.URLConfigurationSource     : To enable URLs as dynamic configuration sources, define System property archaius.configurationSource.additionalUrls or make config.properties available on classpath.
2018-07-27 00:06:35.769  INFO 5588 --- [main] s.w.s.m.m.a.RequestMappingHandlerAdapter : Looking for @ControllerAdvice: org.springframework.boot.context.embedded.AnnotationConfigEmbeddedWebApplicationContext@76563d26: startup date [Fri Jul 27 00:06:28 CST 2018]; parent: org.springframework.context.annotation.AnnotationConfigApplicationContext@4e08711f
2018-07-27 00:06:36.958  INFO 5588 --- [main] s.w.s.m.m.a.RequestMappingHandlerMapping : Mapped "{[/pay/create_order]}" onto public java.lang.String org.xxpay.web.controller.PayOrderController.payOrder(java.lang.String)
2018-07-27 00:06:36.960  INFO 5588 --- [main] s.w.s.m.m.a.RequestMappingHandlerMapping : Mapped "{[/pay/query_order]}" onto public java.lang.String org.xxpay.web.controller.QueryPayOrderController.queryPayOrder(java.lang.String)
2018-07-27 00:06:36.965  INFO 5588 --- [main] s.w.s.m.m.a.RequestMappingHandlerMapping : Mapped "{[/error]}" onto public org.springframework.http.ResponseEntity<java.util.Map<java.lang.String, java.lang.Object>> org.springframework.boot.autoconfigure.web.BasicErrorController.error(javax.servlet.http.HttpServletRequest)
2018-07-27 00:06:36.966  INFO 5588 --- [main] s.w.s.m.m.a.RequestMappingHandlerMapping : Mapped "{[/error],produces=[text/html]}" onto public org.springframework.web.servlet.ModelAndView org.springframework.boot.autoconfigure.web.BasicErrorController.errorHtml(javax.servlet.http.HttpServletRequest,javax.servlet.http.HttpServletResponse)
2018-07-27 00:06:37.070  INFO 5588 --- [main] o.s.w.s.handler.SimpleUrlHandlerMapping  : Mapped URL path [/webjars/**] onto handler of type [class org.springframework.web.servlet.resource.ResourceHttpRequestHandler]
2018-07-27 00:06:37.070  INFO 5588 --- [main] o.s.w.s.handler.SimpleUrlHandlerMapping  : Mapped URL path [/**] onto handler of type [class org.springframework.web.servlet.resource.ResourceHttpRequestHandler]
2018-07-27 00:06:37.280  INFO 5588 --- [main] o.s.w.s.handler.SimpleUrlHandlerMapping  : Mapped URL path [/**/favicon.ico] onto handler of type [class org.springframework.web.servlet.resource.ResourceHttpRequestHandler]
2018-07-27 00:06:38.221  INFO 5588 --- [main] com.netflix.discovery.DiscoveryClient    : Shutting down DiscoveryClient ...
2018-07-27 00:06:38.269  INFO 5588 --- [main] com.netflix.discovery.DiscoveryClient    : Completed shut down of DiscoveryClient
2018-07-27 00:06:38.674  INFO 5588 --- [main] o.s.j.e.a.AnnotationMBeanExporter        : Registering beans for JMX exposure on startup
2018-07-27 00:06:38.691  INFO 5588 --- [main] o.s.j.e.a.AnnotationMBeanExporter        : Bean with name 'environmentManager' has been autodetected for JMX exposure
2018-07-27 00:06:38.693  INFO 5588 --- [main] o.s.j.e.a.AnnotationMBeanExporter        : Bean with name 'configurationPropertiesRebinder' has been autodetected for JMX exposure
2018-07-27 00:06:38.695  INFO 5588 --- [main] o.s.j.e.a.AnnotationMBeanExporter        : Bean with name 'refreshScope' has been autodetected for JMX exposure
2018-07-27 00:06:38.699  INFO 5588 --- [main] o.s.j.e.a.AnnotationMBeanExporter        : Located managed bean 'environmentManager': registering with JMX server as MBean [org.springframework.cloud.context.environment:name=environmentManager,type=EnvironmentManager]
2018-07-27 00:06:38.753  INFO 5588 --- [main] o.s.j.e.a.AnnotationMBeanExporter        : Located managed bean 'refreshScope': registering with JMX server as MBean [org.springframework.cloud.context.scope.refresh:name=refreshScope,type=RefreshScope]
2018-07-27 00:06:38.770  INFO 5588 --- [main] o.s.j.e.a.AnnotationMBeanExporter        : Located managed bean 'configurationPropertiesRebinder': registering with JMX server as MBean [org.springframework.cloud.context.properties:name=configurationPropertiesRebinder,context=76563d26,type=ConfigurationPropertiesRebinder]
2018-07-27 00:06:39.478  INFO 5588 --- [main] o.s.c.support.DefaultLifecycleProcessor  : Starting beans in phase 0
2018-07-27 00:06:39.486  INFO 5588 --- [main] o.s.c.n.eureka.InstanceInfoFactory       : Setting initial instance status as: STARTING
2018-07-27 00:06:39.499  INFO 5588 --- [main] com.netflix.discovery.DiscoveryClient    : Initializing Eureka in region us-east-1
2018-07-27 00:06:39.504  INFO 5588 --- [main] c.n.d.provider.DiscoveryJerseyProvider   : Using JSON encoding codec LegacyJacksonJson
2018-07-27 00:06:39.504  INFO 5588 --- [main] c.n.d.provider.DiscoveryJerseyProvider   : Using JSON decoding codec LegacyJacksonJson
2018-07-27 00:06:39.505  INFO 5588 --- [main] c.n.d.provider.DiscoveryJerseyProvider   : Using XML encoding codec XStreamXml
2018-07-27 00:06:39.505  INFO 5588 --- [main] c.n.d.provider.DiscoveryJerseyProvider   : Using XML decoding codec XStreamXml
2018-07-27 00:06:39.582  INFO 5588 --- [main] c.n.d.s.r.aws.ConfigClusterResolver      : Resolving eureka endpoints via configuration
2018-07-27 00:06:39.584  INFO 5588 --- [main] com.netflix.discovery.DiscoveryClient    : Disable delta property : false
2018-07-27 00:06:39.585  INFO 5588 --- [main] com.netflix.discovery.DiscoveryClient    : Single vip registry refresh property : null
2018-07-27 00:06:39.585  INFO 5588 --- [main] com.netflix.discovery.DiscoveryClient    : Force full registry fetch : false
2018-07-27 00:06:39.585  INFO 5588 --- [main] com.netflix.discovery.DiscoveryClient    : Application is null : false
2018-07-27 00:06:39.585  INFO 5588 --- [main] com.netflix.discovery.DiscoveryClient    : Registered Applications size is zero : true
2018-07-27 00:06:39.586  INFO 5588 --- [main] com.netflix.discovery.DiscoveryClient    : Application version is -1: true
2018-07-27 00:06:39.586  INFO 5588 --- [main] com.netflix.discovery.DiscoveryClient    : Getting all instance registry info from the eureka server
2018-07-27 00:06:39.594  INFO 5588 --- [main] com.netflix.discovery.DiscoveryClient    : The response status is 200
2018-07-27 00:06:39.596  INFO 5588 --- [main] com.netflix.discovery.DiscoveryClient    : Starting heartbeat executor: renew interval is: 30
2018-07-27 00:06:39.600  INFO 5588 --- [main] c.n.discovery.InstanceInfoReplicator     : InstanceInfoReplicator onDemand update allowed rate per min is 4
2018-07-27 00:06:39.603  INFO 5588 --- [main] com.netflix.discovery.DiscoveryClient    : Discovery Client initialized at timestamp 1532621199603 with initial instances count: 2
2018-07-27 00:06:39.648  INFO 5588 --- [main] o.s.c.n.e.s.EurekaServiceRegistry        : Registering application xxpay-web with eureka with status UP
2018-07-27 00:06:39.650  INFO 5588 --- [main] com.netflix.discovery.DiscoveryClient    : Saw local status change event StatusChangeEvent [timestamp=1532621199650, current=UP, previous=STARTING]
2018-07-27 00:06:39.658  INFO 5588 --- [DiscoveryClient-InstanceInfoReplicator-0] com.netflix.discovery.DiscoveryClient    : DiscoveryClient_XXPAY-WEB/KDTPSLW68J25QHE:xxpay-web:3010: registering service...
2018-07-27 00:06:39.809  INFO 5588 --- [DiscoveryClient-InstanceInfoReplicator-0] com.netflix.discovery.DiscoveryClient    : DiscoveryClient_XXPAY-WEB/KDTPSLW68J25QHE:xxpay-web:3010 - registration status: 204
2018-07-27 00:06:40.287  INFO 5588 --- [main] s.b.c.e.t.TomcatEmbeddedServletContainer : Tomcat started on port(s): 3010 (http)
2018-07-27 00:06:40.289  INFO 5588 --- [main] .s.c.n.e.s.EurekaAutoServiceRegistration : Updating port to 3010
2018-07-27 00:06:40.294  INFO 5588 --- [main] org.xxpay.XxPayWebApplication            : Started XxPayWebApplication in 32.09 seconds (JVM running for 34.885)
2018-07-27 00:11:39.592  INFO 5588 --- [AsyncResolver-bootstrap-executor-0] c.n.d.s.r.aws.ConfigClusterResolver      : Resolving eureka endpoints via configuration
2018-07-27 00:16:39.598  INFO 5588 --- [AsyncResolver-bootstrap-executor-0] c.n.d.s.r.aws.ConfigClusterResolver      : Resolving eureka endpoints via configuration
2018-07-27 00:21:39.602  INFO 5588 --- [AsyncResolver-bootstrap-executor-0] c.n.d.s.r.aws.ConfigClusterResolver      : Resolving eureka endpoints via configuration
2018-07-27 00:26:39.608  INFO 5588 --- [AsyncResolver-bootstrap-executor-0] c.n.d.s.r.aws.ConfigClusterResolver      : Resolving eureka endpoints via configuration
2018-07-27 00:31:39.628  INFO 5588 --- [AsyncResolver-bootstrap-executor-0] c.n.d.s.r.aws.ConfigClusterResolver      : Resolving eureka endpoints via configuration
